|2011-02-02 22:12:01,923|DefaultLogger|INFO|1|d:\projects\ondalear\src\c++\application\application.cpp|270|ondalear::application::Application::setupLoggingDefaults|Default logging initialized|
|2011-02-02 22:12:01,934|DefaultLogger|INFO|2|d:\projects\ondalear\src\c++\application\applicationconfigurator.cpp|74|ondalear::application::ApplicationConfigurator::configureLogging|Logging level change to  (LoggingPriority::Debug)|
|2011-02-02 22:12:01,938|DefaultLogger|INFO|3|d:\projects\ondalear\src\c++\application\applicationconfigurator.cpp|130|ondalear::application::ApplicationConfigurator::configureFileSink|Logging sink type (File) name (FileSink) added|
|2011-02-02 22:12:01,939|DefaultLogger|INFO|4|d:\projects\ondalear\src\c++\application\applicationconfigurator.cpp|120|ondalear::application::ApplicationConfigurator::configureStreamSink|Logging sink type (Stream) name (StreamSink) added|
|2011-02-02 22:12:01,950|DefaultLogger|INFO|5|d:\projects\ondalear\src\c++\application\applicationconfigurator.cpp|150|ondalear::application::ApplicationConfigurator::configureLoggerPriorities|Logger (CustomApplication) priority changed to (LoggingPriority::Info) |
|2011-02-02 22:12:01,959|DefaultLogger|INFO|6|d:\projects\ondalear\src\c++\application\applicationconfigurator.cpp|150|ondalear::application::ApplicationConfigurator::configureLoggerPriorities|Logger (Application) priority changed to (LoggingPriority::Info) |
|2011-02-02 22:12:01,969|DefaultLogger|INFO|7|d:\projects\ondalear\src\c++\application\application.cpp|184|ondalear::application::Application::run|Application start work|
|2011-02-02 22:12:01,975|CustomApplication|INFO|Using model: BS version: BS1.1 maxIter: 100|
|2011-02-02 22:12:01,978|CustomApplication|INFO|Positional arg 1: arg1  arg 2: arg2|
|2011-02-02 22:12:01,981|DefaultLogger|DEBUG|8|d:\projects\ondalear\src\c++\application\applicationsamples\sampleapplication.cpp|124|ondalear::samples::application::SampleApplication::doWork|maxIter: 100 index: 100|
|2011-02-02 22:12:01,989|DefaultLogger|INFO|9|d:\projects\ondalear\src\c++\application\application.cpp|189|ondalear::application::Application::run|Application end work|
|2011-02-02 23:11:07,538|DefaultLogger|INFO|1|d:\projects\ondalear\src\c++\application\application.cpp|270|ondalear::application::Application::setupLoggingDefaults|Default logging initialized|
|2011-02-02 23:11:07,547|DefaultLogger|INFO|2|d:\projects\ondalear\src\c++\application\applicationconfigurator.cpp|74|ondalear::application::ApplicationConfigurator::configureLogging|Logging level change to  (LoggingPriority::Debug)|
|2011-02-02 23:11:07,549|DefaultLogger|INFO|3|d:\projects\ondalear\src\c++\application\applicationconfigurator.cpp|130|ondalear::application::ApplicationConfigurator::configureFileSink|Logging sink type (File) name (FileSink) added|
|2011-02-02 23:11:07,551|DefaultLogger|INFO|4|d:\projects\ondalear\src\c++\application\applicationconfigurator.cpp|120|ondalear::application::ApplicationConfigurator::configureStreamSink|Logging sink type (Stream) name (StreamSink) added|
|2011-02-02 23:11:07,561|DefaultLogger|INFO|5|d:\projects\ondalear\src\c++\application\applicationconfigurator.cpp|150|ondalear::application::ApplicationConfigurator::configureLoggerPriorities|Logger (CustomApplication) priority changed to (LoggingPriority::Info) |
|2011-02-02 23:11:07,571|DefaultLogger|INFO|6|d:\projects\ondalear\src\c++\application\applicationconfigurator.cpp|150|ondalear::application::ApplicationConfigurator::configureLoggerPriorities|Logger (Application) priority changed to (LoggingPriority::Info) |
|2011-02-02 23:11:07,581|DefaultLogger|INFO|7|d:\projects\ondalear\src\c++\application\application.cpp|184|ondalear::application::Application::run|Application start work|
|2011-02-02 23:11:07,587|CustomApplication|INFO|Using model: BS version: BS1.1 maxIter: 100|
|2011-02-02 23:11:07,590|CustomApplication|INFO|Positional arg 1: arg1  arg 2: arg2|
|2011-02-02 23:11:07,593|DefaultLogger|INFO|8|d:\projects\ondalear\src\c++\application\application.cpp|189|ondalear::application::Application::run|Application end work|
